GPU Check:
Thu Mar 27 09:07:31 2025       
+-----------------------------------------------------------------------------------------+
| NVIDIA-SMI 550.54.15              Driver Version: 550.54.15      CUDA Version: 12.4     |
|-----------------------------------------+------------------------+----------------------+
| GPU  Name                 Persistence-M | Bus-Id          Disp.A | Volatile Uncorr. ECC |
| Fan  Temp   Perf          Pwr:Usage/Cap |           Memory-Usage | GPU-Util  Compute M. |
|                                         |                        |               MIG M. |
|=========================================+========================+======================|
|   0  Tesla V100-SXM2-32GB           On  |   00000000:AF:00.0 Off |                    0 |
| N/A   36C    P0             43W /  300W |       0MiB /  32768MiB |      0%      Default |
|                                         |                        |                  N/A |
+-----------------------------------------+------------------------+----------------------+
                                                                                         
+-----------------------------------------------------------------------------------------+
| Processes:                                                                              |
|  GPU   GI   CI        PID   Type   Process name                              GPU Memory |
|        ID   ID                                                               Usage      |
|=========================================================================================|
|  No running processes found                                                             |
+-----------------------------------------------------------------------------------------+
| load phoneme set: ['AP', 'SP', 'a', 'ah', 'au', 'ay', 'b', 'c', 'cl', 'ct', 'd', 'dj', 'e', 'f', 'g', 'gr', 'i', 'ie', 'iu', 'j', 'l', 'm', 'n', 'ng', 'nt', 'o', 'oh', 'p', 'r', 's', 't', 'tr', 'ts', 'u', 'uo', 'v', 'x']
| Load HifiGAN: checkpoints/dependency_checkpoints/nsf-hifigan/model.ckpt
/home/liampond/env-py311/lib/python3.11/site-packages/torch/nn/utils/weight_norm.py:28: UserWarning: torch.nn.utils.weight_norm is deprecated in favor of torch.nn.utils.parametrizations.weight_norm.
  warnings.warn("torch.nn.utils.weight_norm is deprecated in favor of torch.nn.utils.parametrizations.weight_norm.")
/home/liampond/env-py311/lib/python3.11/site-packages/lightning/fabric/plugins/environments/slurm.py:191: The `srun` command is available on your system but is not used. HINT: If your intention is to run Lightning on SLURM, prepend your python command with `srun` like so: srun python scripts/train.py --config configs/CantusSVS_acoustic ...
Using 16bit Automatic Mixed Precision (AMP)
GPU available: True (cuda), used: True
TPU available: False, using: 0 TPU cores
IPU available: False, using: 0 IPUs
HPU available: False, using: 0 HPUs
/home/liampond/env-py311/lib/python3.11/site-packages/lightning/pytorch/callbacks/model_checkpoint.py:639: Checkpoint directory /home/liampond/CantusSVS/checkpoints/debug_test exists and is not empty.
Restoring states from the checkpoint path at checkpoints/debug_test/model_ckpt_steps_1000.ckpt
LOCAL_RANK: 0 - CUDA_VISIBLE_DEVICES: [0]

  | Name         | Type               | Params
----------------------------------------------------
0 | model        | DiffSingerAcoustic | 74.0 M
1 | aux_mel_loss | L1Loss             | 0     
2 | mel_loss     | RectifiedFlowLoss  | 0     
----------------------------------------------------
74.0 M    Trainable params
0         Non-trainable params
74.0 M    Total params
296.025   Total estimated model params size (MB)
Restored all states from the checkpoint at checkpoints/debug_test/model_ckpt_steps_1000.ckpt
| Hparams chains:  ['configs/base.yaml', 'configs/CantusSVS_acoustic.yaml']
| Hparams: 
[0;33mK_step[0m: 400, [0;33mK_step_infer[0m: 400, [0;33mT_start[0m: 0.4, [0;33mT_start_infer[0m: 0.4, [0;33maccumulate_grad_batches[0m: 1, 
[0;33maudio_num_mel_bins[0m: 128, [0;33maudio_sample_rate[0m: 44100, [0;33maugmentation_args[0m: {'fixed_pitch_shifting': {'enabled': False, 'scale': 0.5, 'targets': [-3.0, 3.0]}, 'random_pitch_shifting': {'enabled': True, 'range': [-3.0, 3.0], 'scale': 0.75}, 'random_time_stretching': {'enabled': True, 'range': [0.8, 1.2], 'scale': 0.75}}, [0;33mbackbone_args[0m: {'dropout_rate': 0.0, 'kernel_size': 31, 'num_channels': 1024, 'num_layers': 6, 'strong_cond': True}, [0;33mbackbone_type[0m: lynxnet, 
[0;33mbase_config[0m: [], [0;33mbinarization_args[0m: {'num_workers': 0, 'shuffle': True}, [0;33mbinarizer_cls[0m: preprocessing.acoustic_binarizer.AcousticBinarizer, [0;33mbinary_data_dir[0m: data/binary/regular_acoustic_v1, [0;33mbreathiness_smooth_width[0m: 0.12, 
[0;33mclip_grad_norm[0m: 1, [0;33mdataloader_prefetch_factor[0m: 2, [0;33mdataset_size_key[0m: lengths, [0;33mdictionary[0m: dictionaries/latin_dictionary.txt, [0;33mdiff_accelerator[0m: ddim, 
[0;33mdiff_speedup[0m: 10, [0;33mdiffusion_type[0m: reflow, [0;33mdropout[0m: 0.1, [0;33mds_workers[0m: 4, [0;33menc_ffn_kernel_size[0m: 3, 
[0;33menc_layers[0m: 4, [0;33menergy_smooth_width[0m: 0.12, [0;33mexp_name[0m: debug_test, [0;33mf0_max[0m: 1100, [0;33mf0_min[0m: 65, 
[0;33mffn_act[0m: gelu, [0;33mfft_size[0m: 2048, [0;33mfinetune_ckpt_path[0m: None, [0;33mfinetune_enabled[0m: False, [0;33mfinetune_ignored_params[0m: ['model.fs2.encoder.embed_tokens', 'model.fs2.txt_embed', 'model.fs2.spk_embed'], 
[0;33mfinetune_strict_shapes[0m: True, [0;33mfmax[0m: 16000, [0;33mfmin[0m: 40, [0;33mfreezing_enabled[0m: False, [0;33mfrozen_params[0m: [], 
[0;33mhidden_size[0m: 256, [0;33mhnsep[0m: vr, [0;33mhnsep_ckpt[0m: checkpoints/dependency_checkpoints/vr/model.pt, [0;33mhop_size[0m: 512, [0;33minfer[0m: False, 
[0;33mlambda_aux_mel_loss[0m: 0.2, [0;33mlog_interval[0m: 100, [0;33mlr_scheduler_args[0m: {'gamma': 0.75, 'scheduler_cls': 'torch.optim.lr_scheduler.StepLR', 'step_size': 10000}, [0;33mmain_loss_log_norm[0m: False, [0;33mmain_loss_type[0m: l2, 
[0;33mmax_batch_frames[0m: 50000, [0;33mmax_batch_size[0m: 16, [0;33mmax_beta[0m: 0.02, [0;33mmax_updates[0m: 1000, [0;33mmax_val_batch_frames[0m: 60000, 
[0;33mmax_val_batch_size[0m: 1, [0;33mmel_base[0m: e, [0;33mmel_vmax[0m: 4.0, [0;33mmel_vmin[0m: -14.0, [0;33mnccl_p2p[0m: True, 
[0;33mnum_ckpt_keep[0m: 20, [0;33mnum_heads[0m: 2, [0;33mnum_sanity_val_steps[0m: 1, [0;33mnum_spk[0m: 1, [0;33mnum_valid_plots[0m: 10, 
[0;33moptimizer_args[0m: {'beta1': 0.9, 'beta2': 0.98, 'lr': 0.0006, 'optimizer_cls': 'torch.optim.AdamW', 'weight_decay': 0}, [0;33mpe[0m: rmvpe, [0;33mpe_ckpt[0m: checkpoints/dependency_checkpoints/rmvpe/model.pt, [0;33mpermanent_ckpt_interval[0m: 100, [0;33mpermanent_ckpt_start[0m: 100, 
[0;33mpl_trainer_accelerator[0m: auto, [0;33mpl_trainer_devices[0m: auto, [0;33mpl_trainer_num_nodes[0m: 1, [0;33mpl_trainer_precision[0m: 16-mixed, [0;33mpl_trainer_strategy[0m: {'find_unused_parameters': False, 'name': 'auto', 'process_group_backend': 'nccl'}, 
[0;33mraw_data_dir[0m: ['data/NNSVS_training_data/regular/diffsinger_db'], [0;33mrel_pos[0m: True, [0;33msampler_frame_count_grid[0m: 6, [0;33msampling_algorithm[0m: euler, [0;33msampling_steps[0m: 20, 
[0;33mschedule_type[0m: linear, [0;33mshallow_diffusion_args[0m: {'aux_decoder_arch': 'convnext', 'aux_decoder_args': {'dropout_rate': 0.1, 'kernel_size': 7, 'num_channels': 512, 'num_layers': 6}, 'aux_decoder_grad': 0.1, 'train_aux_decoder': True, 'train_diffusion': True, 'val_gt_start': False}, [0;33msort_by_len[0m: True, [0;33mspeakers[0m: ['regular'], [0;33mspec_max[0m: [0], 
[0;33mspec_min[0m: [-12], [0;33mspk_ids[0m: [], [0;33mtask_cls[0m: training.acoustic_task.AcousticTask, [0;33mtension_smooth_width[0m: 0.12, [0;33mtest_prefixes[0m: ['0:Adventus_seg012', '0:Adventus_seg024', '0:Adventus_seg036', '0:Adventus_seg048', '0:Adventus_seg060'], 
[0;33mtime_scale_factor[0m: 1000, [0;33mtimesteps[0m: 1000, [0;33muse_breathiness_embed[0m: False, [0;33muse_energy_embed[0m: False, [0;33muse_key_shift_embed[0m: True, 
[0;33muse_pos_embed[0m: True, [0;33muse_rope[0m: True, [0;33muse_shallow_diffusion[0m: True, [0;33muse_speed_embed[0m: True, [0;33muse_spk_id[0m: False, 
[0;33muse_tension_embed[0m: False, [0;33muse_voicing_embed[0m: False, [0;33mval_check_interval[0m: 100, [0;33mval_with_vocoder[0m: True, [0;33mvocoder[0m: NsfHifiGAN, 
[0;33mvocoder_ckpt[0m: checkpoints/dependency_checkpoints/nsf-hifigan/model.ckpt, [0;33mvoicing_smooth_width[0m: 0.12, [0;33mwin_size[0m: 2048, [0;33mwork_dir[0m: checkpoints/debug_test, 
| model Arch:  DiffSingerAcoustic(
  (fs2): FastSpeech2Acoustic(
    (txt_embed): NormalInitEmbedding(38, 256, padding_idx=0)
    (dur_embed): XavierUniformInitLinear(in_features=1, out_features=256, bias=True)
    (encoder): FastSpeech2Encoder(
      (layers): ModuleList(
        (0-3): 4 x TransformerEncoderLayer(
          (op): EncSALayer(
            (layer_norm1): LayerNorm((256,), eps=1e-05, elementwise_affine=True)
            (self_attn): MultiheadSelfAttentionWithRoPE(
              (in_proj): Linear(in_features=256, out_features=768, bias=False)
              (out_proj): Linear(in_features=256, out_features=256, bias=False)
              (dropout): Dropout(p=0.0, inplace=False)
              (rotary_embed): RotaryEmbedding()
            )
            (layer_norm2): LayerNorm((256,), eps=1e-05, elementwise_affine=True)
            (ffn): TransformerFFNLayer(
              (act_fn): GELU(approximate='none')
              (ffn_1): Conv1d(256, 1024, kernel_size=(3,), stride=(1,), padding=(1,))
              (ffn_2): XavierUniformInitLinear(in_features=1024, out_features=256, bias=True)
            )
          )
        )
      )
      (layer_norm): LayerNorm((256,), eps=1e-05, elementwise_affine=True)
    )
    (pitch_embed): XavierUniformInitLinear(in_features=1, out_features=256, bias=True)
    (key_shift_embed): XavierUniformInitLinear(in_features=1, out_features=256, bias=True)
    (speed_embed): XavierUniformInitLinear(in_features=1, out_features=256, bias=True)
  )
  (aux_decoder): AuxDecoderAdaptor(
    (decoder): ConvNeXtDecoder(
      (inconv): Conv1d(256, 512, kernel_size=(7,), stride=(1,), padding=(3,))
      (conv): ModuleList(
        (0-5): 6 x ConvNeXtBlock(
          (dwconv): Conv1d(512, 512, kernel_size=(7,), stride=(1,), padding=(3,), groups=512)
          (norm): LayerNorm((512,), eps=1e-06, elementwise_affine=True)
          (pwconv1): Linear(in_features=512, out_features=2048, bias=True)
          (act): GELU(approximate='none')
          (pwconv2): Linear(in_features=2048, out_features=512, bias=True)
          (drop_path): Identity()
          (dropout): Dropout(p=0.1, inplace=False)
        )
      )
      (outconv): Conv1d(512, 128, kernel_size=(7,), stride=(1,), padding=(3,))
    )
  )
  (diffusion): RectifiedFlow(
    (velocity_fn): LYNXNet(
      (input_projection): Conv1d(128, 1024, kernel_size=(1,), stride=(1,))
      (diffusion_embedding): Sequential(
        (0): SinusoidalPosEmb()
        (1): Linear(in_features=1024, out_features=4096, bias=True)
        (2): GELU(approximate='none')
        (3): Linear(in_features=4096, out_features=1024, bias=True)
      )
      (residual_layers): ModuleList(
        (0-5): 6 x LYNXNetResidualLayer(
          (diffusion_projection): Conv1d(1024, 1024, kernel_size=(1,), stride=(1,))
          (conditioner_projection): Conv1d(256, 1024, kernel_size=(1,), stride=(1,))
          (convmodule): LYNXConvModule(
            (net): Sequential(
              (0): LayerNorm((1024,), eps=1e-05, elementwise_affine=True)
              (1): Transpose()
              (2): Conv1d(1024, 4096, kernel_size=(1,), stride=(1,))
              (3): SwiGLU()
              (4): Conv1d(2048, 2048, kernel_size=(31,), stride=(1,), padding=(15,), groups=2048)
              (5): PReLU(num_parameters=2048)
              (6): Conv1d(2048, 1024, kernel_size=(1,), stride=(1,))
              (7): Transpose()
              (8): Identity()
            )
          )
        )
      )
      (norm): LayerNorm((1024,), eps=1e-05, elementwise_affine=True)
      (output_projection): Conv1d(1024, 128, kernel_size=(1,), stride=(1,))
    )
  )
)
Removing weight norm...
`Trainer.fit` stopped: `max_steps=1000` reached.
