Checking GPU allocation:
Wed Mar 26 11:31:22 2025       
+-----------------------------------------------------------------------------------------+
| NVIDIA-SMI 550.54.15              Driver Version: 550.54.15      CUDA Version: 12.4     |
|-----------------------------------------+------------------------+----------------------+
| GPU  Name                 Persistence-M | Bus-Id          Disp.A | Volatile Uncorr. ECC |
| Fan  Temp   Perf          Pwr:Usage/Cap |           Memory-Usage | GPU-Util  Compute M. |
|                                         |                        |               MIG M. |
|=========================================+========================+======================|
|   0  Tesla V100-SXM2-32GB           On  |   00000000:3B:00.0 Off |                    0 |
| N/A   34C    P0             40W /  300W |       0MiB /  32768MiB |      0%      Default |
|                                         |                        |                  N/A |
+-----------------------------------------+------------------------+----------------------+
                                                                                         
+-----------------------------------------------------------------------------------------+
| Processes:                                                                              |
|  GPU   GI   CI        PID   Type   Process name                              GPU Memory |
|        ID   ID                                                               Usage      |
|=========================================================================================|
|  No running processes found                                                             |
+-----------------------------------------------------------------------------------------+
| Hparams chains:  ['configs/base.yaml', 'configs/CantusSVS_acoustic.yaml']
| Hparams: 
[0;33mK_step[0m: 400, [0;33mK_step_infer[0m: 400, [0;33mT_start[0m: 0.4, [0;33mT_start_infer[0m: 0.4, [0;33maccumulate_grad_batches[0m: 1, 
[0;33maudio_num_mel_bins[0m: 128, [0;33maudio_sample_rate[0m: 44100, [0;33maugmentation_args[0m: {'fixed_pitch_shifting': {'enabled': False, 'scale': 0.5, 'targets': [-3.0, 3.0]}, 'random_pitch_shifting': {'enabled': True, 'range': [-3.0, 3.0], 'scale': 0.75}, 'random_time_stretching': {'enabled': True, 'range': [0.8, 1.2], 'scale': 0.75}}, [0;33mbackbone_args[0m: {'dropout_rate': 0.0, 'kernel_size': 31, 'num_channels': 1024, 'num_layers': 6, 'strong_cond': True}, [0;33mbackbone_type[0m: lynxnet, 
[0;33mbase_config[0m: [], [0;33mbinarization_args[0m: {'num_workers': 0, 'shuffle': True}, [0;33mbinarizer_cls[0m: preprocessing.acoustic_binarizer.AcousticBinarizer, [0;33mbinary_data_dir[0m: data/binary/regular_acoustic_v1, [0;33mbreathiness_smooth_width[0m: 0.12, 
[0;33mclip_grad_norm[0m: 1, [0;33mdataloader_prefetch_factor[0m: 2, [0;33mdataset_size_key[0m: lengths, [0;33mdictionary[0m: dictionaries/latin_dictionary.txt, [0;33mdiff_accelerator[0m: ddim, 
[0;33mdiff_speedup[0m: 10, [0;33mdiffusion_type[0m: reflow, [0;33mdropout[0m: 0.1, [0;33mds_workers[0m: 4, [0;33menc_ffn_kernel_size[0m: 3, 
[0;33menc_layers[0m: 4, [0;33menergy_smooth_width[0m: 0.12, [0;33mexp_name[0m: regular_acoustic_v1, [0;33mf0_max[0m: 1100, [0;33mf0_min[0m: 65, 
[0;33mffn_act[0m: gelu, [0;33mfft_size[0m: 2048, [0;33mfinetune_ckpt_path[0m: None, [0;33mfinetune_enabled[0m: False, [0;33mfinetune_ignored_params[0m: ['model.fs2.encoder.embed_tokens', 'model.fs2.txt_embed', 'model.fs2.spk_embed'], 
[0;33mfinetune_strict_shapes[0m: True, [0;33mfmax[0m: 16000, [0;33mfmin[0m: 40, [0;33mfreezing_enabled[0m: False, [0;33mfrozen_params[0m: [], 
[0;33mhidden_size[0m: 256, [0;33mhnsep[0m: vr, [0;33mhnsep_ckpt[0m: checkpoints/dependency_checkpoints/vr/model.pt, [0;33mhop_size[0m: 512, [0;33minfer[0m: False, 
[0;33mlambda_aux_mel_loss[0m: 0.2, [0;33mlog_interval[0m: 100, [0;33mlr_scheduler_args[0m: {'gamma': 0.75, 'scheduler_cls': 'torch.optim.lr_scheduler.StepLR', 'step_size': 10000}, [0;33mmain_loss_log_norm[0m: False, [0;33mmain_loss_type[0m: l2, 
[0;33mmax_batch_frames[0m: 50000, [0;33mmax_batch_size[0m: 16, [0;33mmax_beta[0m: 0.02, [0;33mmax_updates[0m: 160000, [0;33mmax_val_batch_frames[0m: 60000, 
[0;33mmax_val_batch_size[0m: 1, [0;33mmel_base[0m: e, [0;33mmel_vmax[0m: 4.0, [0;33mmel_vmin[0m: -14.0, [0;33mnccl_p2p[0m: True, 
[0;33mnum_ckpt_keep[0m: 20, [0;33mnum_heads[0m: 2, [0;33mnum_sanity_val_steps[0m: 1, [0;33mnum_spk[0m: 1, [0;33mnum_valid_plots[0m: 10, 
[0;33moptimizer_args[0m: {'beta1': 0.9, 'beta2': 0.98, 'lr': 0.0006, 'optimizer_cls': 'torch.optim.AdamW', 'weight_decay': 0}, [0;33mpe[0m: rmvpe, [0;33mpe_ckpt[0m: checkpoints/dependency_checkpoints/rmvpe/model.pt, [0;33mpermanent_ckpt_interval[0m: 20000, [0;33mpermanent_ckpt_start[0m: 80000, 
[0;33mpl_trainer_accelerator[0m: auto, [0;33mpl_trainer_devices[0m: auto, [0;33mpl_trainer_num_nodes[0m: 1, [0;33mpl_trainer_precision[0m: 16-mixed, [0;33mpl_trainer_strategy[0m: {'find_unused_parameters': False, 'name': 'auto', 'process_group_backend': 'nccl'}, 
[0;33mraw_data_dir[0m: ['data/NNSVS_training_data/regular/diffsinger_db'], [0;33mrel_pos[0m: True, [0;33msampler_frame_count_grid[0m: 6, [0;33msampling_algorithm[0m: euler, [0;33msampling_steps[0m: 20, 
[0;33mschedule_type[0m: linear, [0;33mshallow_diffusion_args[0m: {'aux_decoder_arch': 'convnext', 'aux_decoder_args': {'dropout_rate': 0.1, 'kernel_size': 7, 'num_channels': 512, 'num_layers': 6}, 'aux_decoder_grad': 0.1, 'train_aux_decoder': True, 'train_diffusion': True, 'val_gt_start': False}, [0;33msort_by_len[0m: True, [0;33mspeakers[0m: ['regular'], [0;33mspec_max[0m: [0], 
[0;33mspec_min[0m: [-12], [0;33mspk_ids[0m: [], [0;33mtask_cls[0m: training.acoustic_task.AcousticTask, [0;33mtension_smooth_width[0m: 0.12, [0;33mtest_prefixes[0m: ['0:Adventus_seg012', '0:Adventus_seg024', '0:Adventus_seg036', '0:Adventus_seg048', '0:Adventus_seg060'], 
[0;33mtime_scale_factor[0m: 1000, [0;33mtimesteps[0m: 1000, [0;33muse_breathiness_embed[0m: False, [0;33muse_energy_embed[0m: False, [0;33muse_key_shift_embed[0m: True, 
[0;33muse_pos_embed[0m: True, [0;33muse_rope[0m: True, [0;33muse_shallow_diffusion[0m: True, [0;33muse_speed_embed[0m: True, [0;33muse_spk_id[0m: False, 
[0;33muse_tension_embed[0m: False, [0;33muse_voicing_embed[0m: False, [0;33mval_check_interval[0m: 1000, [0;33mval_with_vocoder[0m: True, [0;33mvocoder[0m: NsfHifiGAN, 
[0;33mvocoder_ckpt[0m: checkpoints/dependency_checkpoints/nsf-hifigan/model.ckpt, [0;33mvoicing_smooth_width[0m: 0.12, [0;33mwin_size[0m: 2048, [0;33mwork_dir[0m: checkpoints/regular_acoustic_v1, 
Traceback (most recent call last):
  File "/project/6002780/liampond/CantusSVS/scripts/train.py", line 31, in <module>
    run_task()
    ~~~~~~~~^^
  File "/project/6002780/liampond/CantusSVS/scripts/train.py", line 25, in run_task
    task_cls = getattr(importlib.import_module(pkg), cls_name)
                       ~~~~~~~~~~~~~~~~~~~~~~~^^^^^
  File "/cvmfs/soft.computecanada.ca/easybuild/software/2023/x86-64-v3/Compiler/gcccore/python/3.13.2/lib/python3.13/importlib/__init__.py", line 88, in import_module
    return _bootstrap._gcd_import(name[level:], package, level)
           ~~~~~~~~~~~~~~~~~~~~~~^^^^^^^^^^^^^^^^^^^^^^^^^^^^^^
  File "<frozen importlib._bootstrap>", line 1387, in _gcd_import
  File "<frozen importlib._bootstrap>", line 1360, in _find_and_load
  File "<frozen importlib._bootstrap>", line 1310, in _find_and_load_unlocked
  File "<frozen importlib._bootstrap>", line 488, in _call_with_frames_removed
  File "<frozen importlib._bootstrap>", line 1387, in _gcd_import
  File "<frozen importlib._bootstrap>", line 1360, in _find_and_load
  File "<frozen importlib._bootstrap>", line 1324, in _find_and_load_unlocked
ModuleNotFoundError: No module named 'training'
