GPU Check:
Thu Mar 27 10:13:38 2025       
+-----------------------------------------------------------------------------------------+
| NVIDIA-SMI 550.54.15              Driver Version: 550.54.15      CUDA Version: 12.4     |
|-----------------------------------------+------------------------+----------------------+
| GPU  Name                 Persistence-M | Bus-Id          Disp.A | Volatile Uncorr. ECC |
| Fan  Temp   Perf          Pwr:Usage/Cap |           Memory-Usage | GPU-Util  Compute M. |
|                                         |                        |               MIG M. |
|=========================================+========================+======================|
|   0  Tesla V100-SXM2-32GB           On  |   00000000:86:00.0 Off |                    0 |
| N/A   32C    P0             41W /  300W |       0MiB /  32768MiB |      0%      Default |
|                                         |                        |                  N/A |
+-----------------------------------------+------------------------+----------------------+
                                                                                         
+-----------------------------------------------------------------------------------------+
| Processes:                                                                              |
|  GPU   GI   CI        PID   Type   Process name                              GPU Memory |
|        ID   ID                                                               Usage      |
|=========================================================================================|
|  No running processes found                                                             |
+-----------------------------------------------------------------------------------------+

[INFO] Using config file: ['scripts/train.py', 'config=configs/CantusSVS_acoustic.yaml', 'exp_name=debug_test', 'resume=True', 'pl_trainer.accelerator=gpu', 'pl_trainer.devices=1', 'pl_trainer.precision=16-mixed']

Traceback (most recent call last):
  File "/project/6002780/liampond/CantusSVS/scripts/train.py", line 16, in <module>
    set_hparams()
  File "/project/6002780/liampond/CantusSVS/utils/hparams.py", line 85, in set_hparams
    assert args.config != '' or args_work_dir != '', 'Either config or exp name should be specified.'
                                ^^^^^^^^^^^^^^^^^^^
AssertionError: Either config or exp name should be specified.
